Using pre-set license
Built from '2022.3/staging' branch; Version is '2022.3.17f1 (4fc78088f837) revision 5228416'; Using compiler version '192829333'; Build Type 'Release'
OS: 'Windows 11  (10.0.22631) 64bit Professional' Language: 'en' Physical Memory: 14181 MB
BatchMode: 1, IsHumanControllingUs: 0, StartBugReporterOnCrash: 0, Is64bit: 1, IsPro: 1

COMMAND LINE ARGUMENTS:
C:\Program Files\Unity\Hub\Editor\2022.3.17f1\Editor\Unity.exe
-adb2
-batchMode
-noUpm
-name
AssetImportWorker1
-projectPath
C:/Users/Ice10/PiratesMobile
-logFile
Logs/AssetImportWorker1.log
-srvPort
50253
Successfully changed project path to: C:/Users/Ice10/PiratesMobile
C:/Users/Ice10/PiratesMobile
[UnityMemory] Configuration Parameters - Can be set up in boot.config
    "memorysetup-bucket-allocator-granularity=16"
    "memorysetup-bucket-allocator-bucket-count=8"
    "memorysetup-bucket-allocator-block-size=33554432"
    "memorysetup-bucket-allocator-block-count=8"
    "memorysetup-main-allocator-block-size=16777216"
    "memorysetup-thread-allocator-block-size=16777216"
    "memorysetup-gfx-main-allocator-block-size=16777216"
    "memorysetup-gfx-thread-allocator-block-size=16777216"
    "memorysetup-cache-allocator-block-size=4194304"
    "memorysetup-typetree-allocator-block-size=2097152"
    "memorysetup-profiler-bucket-allocator-granularity=16"
    "memorysetup-profiler-bucket-allocator-bucket-count=8"
    "memorysetup-profiler-bucket-allocator-block-size=33554432"
    "memorysetup-profiler-bucket-allocator-block-count=8"
    "memorysetup-profiler-allocator-block-size=16777216"
    "memorysetup-profiler-editor-allocator-block-size=1048576"
    "memorysetup-temp-allocator-size-main=16777216"
    "memorysetup-job-temp-allocator-block-size=2097152"
    "memorysetup-job-temp-allocator-block-size-background=1048576"
    "memorysetup-job-temp-allocator-reduction-small-platforms=262144"
    "memorysetup-allocator-temp-initial-block-size-main=262144"
    "memorysetup-allocator-temp-initial-block-size-worker=262144"
    "memorysetup-temp-allocator-size-background-worker=32768"
    "memorysetup-temp-allocator-size-job-worker=262144"
    "memorysetup-temp-allocator-size-preload-manager=33554432"
    "memorysetup-temp-allocator-size-nav-mesh-worker=65536"
    "memorysetup-temp-allocator-size-audio-worker=65536"
    "memorysetup-temp-allocator-size-cloud-worker=32768"
    "memorysetup-temp-allocator-size-gi-baking-worker=262144"
    "memorysetup-temp-allocator-size-gfx=262144"
Player connection [26000] Host "[IP] 192.168.1.25 [Port] 0 [Flags] 2 [Guid] 4264925452 [EditorId] 4264925452 [Version] 1048832 [Id] WindowsEditor(7,Penguin) [Debug] 1 [PackageName] WindowsEditor [ProjectName] Editor" joined multi-casting on [225.0.0.222:54997]...

Player connection [26000] Host "[IP] 192.168.1.25 [Port] 0 [Flags] 2 [Guid] 4264925452 [EditorId] 4264925452 [Version] 1048832 [Id] WindowsEditor(7,Penguin) [Debug] 1 [PackageName] WindowsEditor [ProjectName] Editor" joined alternative multi-casting on [225.0.0.222:34997]...

[Physics::Module] Initialized MultithreadedJobDispatcher with 15 workers.
Refreshing native plugins compatible for Editor in 11.45 ms, found 3 plugins.
Preloading 0 native plugins for Editor in 0.00 ms.
Initialize engine version: 2022.3.17f1 (4fc78088f837)
[Subsystems] Discovering subsystems at path C:/Program Files/Unity/Hub/Editor/2022.3.17f1/Editor/Data/Resources/UnitySubsystems
[Subsystems] Discovering subsystems at path C:/Users/Ice10/PiratesMobile/Assets
GfxDevice: creating device client; threaded=0; jobified=0
Direct3D:
    Version:  Direct3D 11.0 [level 11.1]
    Renderer: AMD Radeon(TM) Graphics (ID=0x164c)
    Vendor:   ATI
    VRAM:     7090 MB
    Driver:   31.0.12044.56000
Initialize mono
Mono path[0] = 'C:/Program Files/Unity/Hub/Editor/2022.3.17f1/Editor/Data/Managed'
Mono path[1] = 'C:/Program Files/Unity/Hub/Editor/2022.3.17f1/Editor/Data/MonoBleedingEdge/lib/mono/unityjit-win32'
Mono config path = 'C:/Program Files/Unity/Hub/Editor/2022.3.17f1/Editor/Data/MonoBleedingEdge/etc'
Using monoOptions --debugger-agent=transport=dt_socket,embedding=1,server=y,suspend=n,address=127.0.0.1:56044
Begin MonoManager ReloadAssembly
Registering precompiled unity dll's ...
Register platform support module: C:/Program Files/Unity/Hub/Editor/2022.3.17f1/Editor/Data/PlaybackEngines/WebGLSupport/UnityEditor.WebGL.Extensions.dll
Register platform support module: C:/Program Files/Unity/Hub/Editor/2022.3.17f1/Editor/Data/PlaybackEngines/AndroidPlayer/UnityEditor.Android.Extensions.dll
Register platform support module: C:/Program Files/Unity/Hub/Editor/2022.3.17f1/Editor/Data/PlaybackEngines/WindowsStandaloneSupport/UnityEditor.WindowsStandalone.Extensions.dll
Registered in 0.008146 seconds.
- Loaded All Assemblies, in  0.449 seconds
Native extension for WindowsStandalone target not found
Native extension for Android target not found
Android Extension - Scanning For ADB Devices 350 ms
Native extension for WebGL target not found
Mono: successfully reloaded assembly
- Finished resetting the current domain, in  0.687 seconds
Domain Reload Profiling: 1133ms
	BeginReloadAssembly (114ms)
		ExecutionOrderSort (0ms)
		DisableScriptedObjects (0ms)
		BackupInstance (0ms)
		ReleaseScriptingObjects (0ms)
		CreateAndSetChildDomain (1ms)
	RebuildCommonClasses (36ms)
	RebuildNativeTypeToScriptingClass (11ms)
	initialDomainReloadingComplete (92ms)
	LoadAllAssembliesAndSetupDomain (194ms)
		LoadAssemblies (114ms)
		RebuildTransferFunctionScriptingTraits (0ms)
		AnalyzeDomain (189ms)
			TypeCache.Refresh (188ms)
				TypeCache.ScanAssembly (173ms)
			ScanForSourceGeneratedMonoScriptInfo (0ms)
			ResolveRequiredComponents (0ms)
	FinalizeReload (687ms)
		ReleaseScriptCaches (0ms)
		RebuildScriptCaches (0ms)
		SetupLoadedEditorAssemblies (625ms)
			LogAssemblyErrors (0ms)
			InitializePlatformSupportModulesInManaged (459ms)
			SetLoadedEditorAssemblies (4ms)
			RefreshPlugins (0ms)
			BeforeProcessingInitializeOnLoad (2ms)
			ProcessInitializeOnLoadAttributes (115ms)
			ProcessInitializeOnLoadMethodAttributes (45ms)
			AfterProcessingInitializeOnLoad (0ms)
			EditorAssembliesLoaded (0ms)
		ExecutionOrderSort2 (0ms)
		AwakeInstancesAfterBackupRestoration (0ms)
========================================================================
Worker process is ready to serve import requests
Begin MonoManager ReloadAssembly
- Loaded All Assemblies, in  0.813 seconds
Refreshing native plugins compatible for Editor in 6.66 ms, found 3 plugins.
Native extension for WindowsStandalone target not found
Native extension for Android target not found
Native extension for WebGL target not found
Package Manager log level set to [2]
[Package Manager] Server::EnsureServerProcessIsRunning -- launch failed, reason: Unity was launched with the -noUpm command-line argument
[Package Manager] UpmClient::Send -- Unable to send message (not connected to UPM process).
[Package Manager] Cannot connect to Unity Package Manager local server
Mono: successfully reloaded assembly
[Package Manager] Server::EnsureServerProcessIsRunning -- launch failed, reason: Unity was launched with the -noUpm command-line argument
[Package Manager] UpmClient::Send -- Unable to send message (not connected to UPM process).
[Package Manager] Cannot connect to Unity Package Manager local server
[Package Manager] Server::EnsureServerProcessIsRunning -- launch failed, reason: Unity was launched with the -noUpm command-line argument
[Package Manager] UpmClient::Send -- Unable to send message (not connected to UPM process).
[Package Manager] Cannot connect to Unity Package Manager local server
- Finished resetting the current domain, in  1.339 seconds
Domain Reload Profiling: 2150ms
	BeginReloadAssembly (173ms)
		ExecutionOrderSort (0ms)
		DisableScriptedObjects (6ms)
		BackupInstance (0ms)
		ReleaseScriptingObjects (0ms)
		CreateAndSetChildDomain (33ms)
	RebuildCommonClasses (48ms)
	RebuildNativeTypeToScriptingClass (11ms)
	initialDomainReloadingComplete (42ms)
	LoadAllAssembliesAndSetupDomain (537ms)
		LoadAssemblies (375ms)
		RebuildTransferFunctionScriptingTraits (0ms)
		AnalyzeDomain (256ms)
			TypeCache.Refresh (214ms)
				TypeCache.ScanAssembly (188ms)
			ScanForSourceGeneratedMonoScriptInfo (32ms)
			ResolveRequiredComponents (8ms)
	FinalizeReload (1340ms)
		ReleaseScriptCaches (0ms)
		RebuildScriptCaches (0ms)
		SetupLoadedEditorAssemblies (956ms)
			LogAssemblyErrors (0ms)
			InitializePlatformSupportModulesInManaged (54ms)
			SetLoadedEditorAssemblies (7ms)
			RefreshPlugins (0ms)
			BeforeProcessingInitializeOnLoad (109ms)
			ProcessInitializeOnLoadAttributes (727ms)
			ProcessInitializeOnLoadMethodAttributes (47ms)
			AfterProcessingInitializeOnLoad (11ms)
			EditorAssembliesLoaded (1ms)
		ExecutionOrderSort2 (0ms)
		AwakeInstancesAfterBackupRestoration (10ms)
Launched and connected shader compiler UnityShaderCompiler.exe after 0.08 seconds
Refreshing native plugins compatible for Editor in 7.03 ms, found 3 plugins.
Preloading 0 native plugins for Editor in 0.00 ms.
Unloading 3992 Unused Serialized files (Serialized files now loaded: 0)
Unloading 78 unused Assets / (2.1 MB). Loaded Objects now: 4468.
Memory consumption went from 259.6 MB to 257.5 MB.
Total: 6.632400 ms (FindLiveObjects: 0.556700 ms CreateObjectMapping: 0.151700 ms MarkObjects: 4.732900 ms  DeleteObjects: 1.187900 ms)

AssetImportParameters requested are different than current active one (requested -> active):
  custom:container-demuxer-ogg: 62fdf1f143b41e24485cea50d1cbac27 -> 
  custom:video-codec-MediaFoundation-h265: 746d11721c4dcdbdad8f713fa42b33f4 -> 
  custom:video-decoder-ogg-theora: a1e56fd34408186e4bbccfd4996cb3dc -> 
  custom:framework-win-MediaFoundation: 216162199b28c13a410421893ffa2e32 -> 
  custom:CustomObjectIndexerAttribute: 6d391050e5a25f67b0a2c618074f2cd9 -> 
  custom:container-demuxer-webm: 4f35f7cbe854078d1ac9338744f61a02 -> 
  custom:container-muxer-webm: aa71ff27fc2769a1b78a27578f13a17b -> 
  custom:video-decoder-webm-vp8: 9c59270c3fd7afecdb556c50c9e8de78 -> 
  custom:SearchIndexIgnoredProperties: e643bd26f0fe6173181afceb89e7c659 -> 
  custom:AudioImporter_EditorPlatform: d09bf68614088b80899f8185d706f6e7 -> 
  custom:video-encoder-webm-vp8: eb34c28f22e8b96e1ab97ce403110664 -> 
  custom:audio-decoder-ogg-vorbis: bf7c407c2cedff20999df2af8eb42d56 -> 
  custom:audio-encoder-webm-vorbis: bf7c407c2cedff20999df2af8eb42d56 -> 
========================================================================
Received Import Request.
  Time since last request: 80710.271613 seconds.
  path: Assets/Scenes/Level1.unity
  artifactKey: Guid(c850ee8c3b14cc8459e7e186857cf567) Importer(815301076,1909f56bfc062723c751e8b465ee728b)
Start importing Assets/Scenes/Level1.unity using Guid(c850ee8c3b14cc8459e7e186857cf567) Importer(815301076,1909f56bfc062723c751e8b465ee728b)  -> (artifact id: '3bbcf307e77cc200743ec9dae2089a0e') in 0.006577 seconds
Number of updated asset objects reloaded before import = 0
Number of asset objects unloaded after import = 0
========================================================================
Received Import Request.
  Time since last request: 642.365705 seconds.
  path: Assets/RPG Item Icons/Resources_Ingredients.png
  artifactKey: Guid(126cb0d7405d2dc409bde4bab648aaff) Importer(815301076,1909f56bfc062723c751e8b465ee728b)
Start importing Assets/RPG Item Icons/Resources_Ingredients.png using Guid(126cb0d7405d2dc409bde4bab648aaff) Importer(815301076,1909f56bfc062723c751e8b465ee728b)  -> (artifact id: 'd199f68120a52c21b3a458bc8917c449') in 0.146891 seconds
Number of updated asset objects reloaded before import = 0
Number of asset objects unloaded after import = 3
========================================================================
Received Import Request.
  Time since last request: 0.000071 seconds.
  path: Assets/RPG Item Icons/Tools_Misc.png
  artifactKey: Guid(9c9d61a25b330954db345a3bd8d9330a) Importer(815301076,1909f56bfc062723c751e8b465ee728b)
Start importing Assets/RPG Item Icons/Tools_Misc.png using Guid(9c9d61a25b330954db345a3bd8d9330a) Importer(815301076,1909f56bfc062723c751e8b465ee728b)  -> (artifact id: '5b1abe4e2ce65a0f0750f3b3857a4535') in 0.057157 seconds
Number of updated asset objects reloaded before import = 0
Number of asset objects unloaded after import = 3
========================================================================
Received Import Request.
  Time since last request: 6.420810 seconds.
  path: Assets/RPG Item Icons/Beverages/Wine_Barrel.png
  artifactKey: Guid(f09f778edecc1774d899a1e07c9f71d4) Importer(815301076,1909f56bfc062723c751e8b465ee728b)
Start importing Assets/RPG Item Icons/Beverages/Wine_Barrel.png using Guid(f09f778edecc1774d899a1e07c9f71d4) Importer(815301076,1909f56bfc062723c751e8b465ee728b)  -> (artifact id: '53b80a799904e17b04cf4f9ceeb29b59') in 0.041096 seconds
Number of updated asset objects reloaded before import = 0
Number of asset objects unloaded after import = 3
========================================================================
Received Import Request.
  Time since last request: 0.000026 seconds.
  path: Assets/RPG Item Icons/Beverages/Wine_Caraffe1.png
  artifactKey: Guid(6a820574790e50e478c67004a6d34f67) Importer(815301076,1909f56bfc062723c751e8b465ee728b)
Start importing Assets/RPG Item Icons/Beverages/Wine_Caraffe1.png using Guid(6a820574790e50e478c67004a6d34f67) Importer(815301076,1909f56bfc062723c751e8b465ee728b)  -> (artifact id: '305d445eedd66291e1e5c99bc5e2c4c2') in 0.033674 seconds
Number of updated asset objects reloaded before import = 0
Number of asset objects unloaded after import = 3
========================================================================
Received Import Request.
  Time since last request: 2.257432 seconds.
  path: Assets/RPG Item Icons/Ingredients/Mushroom_1.png
  artifactKey: Guid(f5fda04a60acfe84a8d9b339b698ba38) Importer(815301076,1909f56bfc062723c751e8b465ee728b)
Start importing Assets/RPG Item Icons/Ingredients/Mushroom_1.png using Guid(f5fda04a60acfe84a8d9b339b698ba38) Importer(815301076,1909f56bfc062723c751e8b465ee728b)  -> (artifact id: 'c999caa5093ce1e5ae5984fbacf2ff43') in 0.036391 seconds
Number of updated asset objects reloaded before import = 0
Number of asset objects unloaded after import = 3
========================================================================
Received Import Request.
  Time since last request: 0.000034 seconds.
  path: Assets/RPG Item Icons/Ingredients/Mushroom_4.png
  artifactKey: Guid(05c4bbe8b1dd0b94ca56f28d8325e695) Importer(815301076,1909f56bfc062723c751e8b465ee728b)
Start importing Assets/RPG Item Icons/Ingredients/Mushroom_4.png using Guid(05c4bbe8b1dd0b94ca56f28d8325e695) Importer(815301076,1909f56bfc062723c751e8b465ee728b)  -> (artifact id: '07f447a7afe1b99e4153e823d55f29e0') in 0.042355 seconds
Number of updated asset objects reloaded before import = 0
Number of asset objects unloaded after import = 3
========================================================================
Received Import Request.
  Time since last request: 0.000038 seconds.
  path: Assets/RPG Item Icons/Ingredients/Mushroom_2.png
  artifactKey: Guid(a7ef6214940772c4b9fc6cf89051472b) Importer(815301076,1909f56bfc062723c751e8b465ee728b)
Start importing Assets/RPG Item Icons/Ingredients/Mushroom_2.png using Guid(a7ef6214940772c4b9fc6cf89051472b) Importer(815301076,1909f56bfc062723c751e8b465ee728b)  -> (artifact id: '836af0dd9d7cd5f4fb23cff2a1f66293') in 0.039026 seconds
Number of updated asset objects reloaded before import = 0
Number of asset objects unloaded after import = 3
========================================================================
Received Import Request.
  Time since last request: 3.897298 seconds.
  path: Assets/RPG Item Icons/Ressources/Grain_Barrel.png
  artifactKey: Guid(6db6d8f707149764ea4e5934790c56fb) Importer(815301076,1909f56bfc062723c751e8b465ee728b)
Start importing Assets/RPG Item Icons/Ressources/Grain_Barrel.png using Guid(6db6d8f707149764ea4e5934790c56fb) Importer(815301076,1909f56bfc062723c751e8b465ee728b)  -> (artifact id: '8c63578c43fc1194ea496256ebfbf58a') in 0.043090 seconds
Number of updated asset objects reloaded before import = 0
Number of asset objects unloaded after import = 3
========================================================================
Received Import Request.
  Time since last request: 0.000046 seconds.
  path: Assets/RPG Item Icons/Ressources/Wood_Pile_2.png
  artifactKey: Guid(135e51fc213cf344da679159703bcb13) Importer(815301076,1909f56bfc062723c751e8b465ee728b)
Start importing Assets/RPG Item Icons/Ressources/Wood_Pile_2.png using Guid(135e51fc213cf344da679159703bcb13) Importer(815301076,1909f56bfc062723c751e8b465ee728b)  -> (artifact id: '58cdbff6b7047719920dd6fe3d49c899') in 0.037597 seconds
Number of updated asset objects reloaded before import = 0
Number of asset objects unloaded after import = 3
========================================================================
Received Import Request.
  Time since last request: 7.490975 seconds.
  path: Assets/RPG Item Icons/Tools/Empty_Beer_Jug.png
  artifactKey: Guid(ca905a609f2c5684cb722dca0f17fa1c) Importer(815301076,1909f56bfc062723c751e8b465ee728b)
Start importing Assets/RPG Item Icons/Tools/Empty_Beer_Jug.png using Guid(ca905a609f2c5684cb722dca0f17fa1c) Importer(815301076,1909f56bfc062723c751e8b465ee728b)  -> (artifact id: 'cc9eea82f325f2bd7fa5dac73080780a') in 0.042601 seconds
Number of updated asset objects reloaded before import = 0
Number of asset objects unloaded after import = 3
========================================================================
Received Import Request.
  Time since last request: 0.000034 seconds.
  path: Assets/RPG Item Icons/Tools/Iron_pot.png
  artifactKey: Guid(b8775d7baed76af40870285d5b2b04c6) Importer(815301076,1909f56bfc062723c751e8b465ee728b)
Start importing Assets/RPG Item Icons/Tools/Iron_pot.png using Guid(b8775d7baed76af40870285d5b2b04c6) Importer(815301076,1909f56bfc062723c751e8b465ee728b)  -> (artifact id: 'dc7a75e00db80354bc78bc48745c9dc8') in 0.034352 seconds
Number of updated asset objects reloaded before import = 0
Number of asset objects unloaded after import = 3
========================================================================
Received Import Request.
  Time since last request: 0.000071 seconds.
  path: Assets/RPG Item Icons/Tools/Frying_Pan.png
  artifactKey: Guid(d64e0a9d8e6f9f541bd9ae7384aa1215) Importer(815301076,1909f56bfc062723c751e8b465ee728b)
Start importing Assets/RPG Item Icons/Tools/Frying_Pan.png using Guid(d64e0a9d8e6f9f541bd9ae7384aa1215) Importer(815301076,1909f56bfc062723c751e8b465ee728b)  -> (artifact id: '24833771649997cda198fbefa5ce7fad') in 0.040168 seconds
Number of updated asset objects reloaded before import = 0
Number of asset objects unloaded after import = 3
========================================================================
Received Import Request.
  Time since last request: 0.000047 seconds.
  path: Assets/RPG Item Icons/Tools/Oil_lamp.png
  artifactKey: Guid(436d4f3d224723240b3d522638853155) Importer(815301076,1909f56bfc062723c751e8b465ee728b)
Start importing Assets/RPG Item Icons/Tools/Oil_lamp.png using Guid(436d4f3d224723240b3d522638853155) Importer(815301076,1909f56bfc062723c751e8b465ee728b)  -> (artifact id: 'c15be88d13200c1c5985dcb228376735') in 0.032866 seconds
Number of updated asset objects reloaded before import = 0
Number of asset objects unloaded after import = 3
========================================================================
Received Import Request.
  Time since last request: 3.353696 seconds.
  path: Assets/RPG Item Icons/Weapons/Shield_1.png
  artifactKey: Guid(6dfd2c4dec145b049846f26bd2201f46) Importer(815301076,1909f56bfc062723c751e8b465ee728b)
Start importing Assets/RPG Item Icons/Weapons/Shield_1.png using Guid(6dfd2c4dec145b049846f26bd2201f46) Importer(815301076,1909f56bfc062723c751e8b465ee728b)  -> (artifact id: '50282aade2b2143747f0f376f12195e0') in 0.041376 seconds
Number of updated asset objects reloaded before import = 0
Number of asset objects unloaded after import = 3
Editor requested this worker to shutdown with reason: Scaling down because of idle timeout
TcpMessagingSession - receive error: operation aborted. errorcode: 995, details: The I/O operation has been aborted because of either a thread exit or an application request.
AssetImportWorker is now disconnected from the server
Process exiting
Exiting without the bug reporter. Application will terminate with return code 0