Using pre-set license
Built from '2022.3/staging' branch; Version is '2022.3.17f1 (4fc78088f837) revision 5228416'; Using compiler version '192829333'; Build Type 'Release'
OS: 'Windows 11  (10.0.22631) 64bit Professional' Language: 'en' Physical Memory: 14181 MB
BatchMode: 1, IsHumanControllingUs: 0, StartBugReporterOnCrash: 0, Is64bit: 1, IsPro: 1

COMMAND LINE ARGUMENTS:
C:\Program Files\Unity\Hub\Editor\2022.3.17f1\Editor\Unity.exe
-adb2
-batchMode
-noUpm
-name
AssetImportWorker0
-projectPath
C:/Users/Ice10/PiratesMobile
-logFile
Logs/AssetImportWorker0.log
-srvPort
50253
Successfully changed project path to: C:/Users/Ice10/PiratesMobile
C:/Users/Ice10/PiratesMobile
[UnityMemory] Configuration Parameters - Can be set up in boot.config
    "memorysetup-bucket-allocator-granularity=16"
    "memorysetup-bucket-allocator-bucket-count=8"
    "memorysetup-bucket-allocator-block-size=33554432"
    "memorysetup-bucket-allocator-block-count=8"
    "memorysetup-main-allocator-block-size=16777216"
    "memorysetup-thread-allocator-block-size=16777216"
    "memorysetup-gfx-main-allocator-block-size=16777216"
    "memorysetup-gfx-thread-allocator-block-size=16777216"
    "memorysetup-cache-allocator-block-size=4194304"
    "memorysetup-typetree-allocator-block-size=2097152"
    "memorysetup-profiler-bucket-allocator-granularity=16"
    "memorysetup-profiler-bucket-allocator-bucket-count=8"
    "memorysetup-profiler-bucket-allocator-block-size=33554432"
    "memorysetup-profiler-bucket-allocator-block-count=8"
    "memorysetup-profiler-allocator-block-size=16777216"
    "memorysetup-profiler-editor-allocator-block-size=1048576"
    "memorysetup-temp-allocator-size-main=16777216"
    "memorysetup-job-temp-allocator-block-size=2097152"
    "memorysetup-job-temp-allocator-block-size-background=1048576"
    "memorysetup-job-temp-allocator-reduction-small-platforms=262144"
    "memorysetup-allocator-temp-initial-block-size-main=262144"
    "memorysetup-allocator-temp-initial-block-size-worker=262144"
    "memorysetup-temp-allocator-size-background-worker=32768"
    "memorysetup-temp-allocator-size-job-worker=262144"
    "memorysetup-temp-allocator-size-preload-manager=33554432"
    "memorysetup-temp-allocator-size-nav-mesh-worker=65536"
    "memorysetup-temp-allocator-size-audio-worker=65536"
    "memorysetup-temp-allocator-size-cloud-worker=32768"
    "memorysetup-temp-allocator-size-gi-baking-worker=262144"
    "memorysetup-temp-allocator-size-gfx=262144"
Player connection [26432] Host "[IP] 192.168.1.25 [Port] 0 [Flags] 2 [Guid] 1614902571 [EditorId] 1614902571 [Version] 1048832 [Id] WindowsEditor(7,Penguin) [Debug] 1 [PackageName] WindowsEditor [ProjectName] Editor" joined multi-casting on [225.0.0.222:54997]...

Player connection [26432] Host "[IP] 192.168.1.25 [Port] 0 [Flags] 2 [Guid] 1614902571 [EditorId] 1614902571 [Version] 1048832 [Id] WindowsEditor(7,Penguin) [Debug] 1 [PackageName] WindowsEditor [ProjectName] Editor" joined alternative multi-casting on [225.0.0.222:34997]...

[Physics::Module] Initialized MultithreadedJobDispatcher with 15 workers.
Refreshing native plugins compatible for Editor in 13.02 ms, found 3 plugins.
Preloading 0 native plugins for Editor in 0.00 ms.
Initialize engine version: 2022.3.17f1 (4fc78088f837)
[Subsystems] Discovering subsystems at path C:/Program Files/Unity/Hub/Editor/2022.3.17f1/Editor/Data/Resources/UnitySubsystems
[Subsystems] Discovering subsystems at path C:/Users/Ice10/PiratesMobile/Assets
GfxDevice: creating device client; threaded=0; jobified=0
Direct3D:
    Version:  Direct3D 11.0 [level 11.1]
    Renderer: AMD Radeon(TM) Graphics (ID=0x164c)
    Vendor:   ATI
    VRAM:     7090 MB
    Driver:   31.0.12044.56000
Initialize mono
Mono path[0] = 'C:/Program Files/Unity/Hub/Editor/2022.3.17f1/Editor/Data/Managed'
Mono path[1] = 'C:/Program Files/Unity/Hub/Editor/2022.3.17f1/Editor/Data/MonoBleedingEdge/lib/mono/unityjit-win32'
Mono config path = 'C:/Program Files/Unity/Hub/Editor/2022.3.17f1/Editor/Data/MonoBleedingEdge/etc'
Using monoOptions --debugger-agent=transport=dt_socket,embedding=1,server=y,suspend=n,address=127.0.0.1:56844
Begin MonoManager ReloadAssembly
Registering precompiled unity dll's ...
Register platform support module: C:/Program Files/Unity/Hub/Editor/2022.3.17f1/Editor/Data/PlaybackEngines/WebGLSupport/UnityEditor.WebGL.Extensions.dll
Register platform support module: C:/Program Files/Unity/Hub/Editor/2022.3.17f1/Editor/Data/PlaybackEngines/AndroidPlayer/UnityEditor.Android.Extensions.dll
Register platform support module: C:/Program Files/Unity/Hub/Editor/2022.3.17f1/Editor/Data/PlaybackEngines/WindowsStandaloneSupport/UnityEditor.WindowsStandalone.Extensions.dll
Registered in 0.009945 seconds.
- Loaded All Assemblies, in  0.435 seconds
Native extension for WindowsStandalone target not found
Native extension for Android target not found
Android Extension - Scanning For ADB Devices 365 ms
Native extension for WebGL target not found
Mono: successfully reloaded assembly
- Finished resetting the current domain, in  0.697 seconds
Domain Reload Profiling: 1128ms
	BeginReloadAssembly (114ms)
		ExecutionOrderSort (0ms)
		DisableScriptedObjects (0ms)
		BackupInstance (0ms)
		ReleaseScriptingObjects (0ms)
		CreateAndSetChildDomain (1ms)
	RebuildCommonClasses (36ms)
	RebuildNativeTypeToScriptingClass (11ms)
	initialDomainReloadingComplete (81ms)
	LoadAllAssembliesAndSetupDomain (188ms)
		LoadAssemblies (114ms)
		RebuildTransferFunctionScriptingTraits (0ms)
		AnalyzeDomain (185ms)
			TypeCache.Refresh (183ms)
				TypeCache.ScanAssembly (169ms)
			ScanForSourceGeneratedMonoScriptInfo (0ms)
			ResolveRequiredComponents (1ms)
	FinalizeReload (698ms)
		ReleaseScriptCaches (0ms)
		RebuildScriptCaches (0ms)
		SetupLoadedEditorAssemblies (636ms)
			LogAssemblyErrors (0ms)
			InitializePlatformSupportModulesInManaged (469ms)
			SetLoadedEditorAssemblies (5ms)
			RefreshPlugins (0ms)
			BeforeProcessingInitializeOnLoad (2ms)
			ProcessInitializeOnLoadAttributes (115ms)
			ProcessInitializeOnLoadMethodAttributes (45ms)
			AfterProcessingInitializeOnLoad (0ms)
			EditorAssembliesLoaded (0ms)
		ExecutionOrderSort2 (0ms)
		AwakeInstancesAfterBackupRestoration (0ms)
========================================================================
Worker process is ready to serve import requests
Begin MonoManager ReloadAssembly
- Loaded All Assemblies, in  0.820 seconds
Refreshing native plugins compatible for Editor in 8.48 ms, found 3 plugins.
Native extension for WindowsStandalone target not found
Native extension for Android target not found
Native extension for WebGL target not found
Package Manager log level set to [2]
[Package Manager] Server::EnsureServerProcessIsRunning -- launch failed, reason: Unity was launched with the -noUpm command-line argument
[Package Manager] UpmClient::Send -- Unable to send message (not connected to UPM process).
[Package Manager] Cannot connect to Unity Package Manager local server
Mono: successfully reloaded assembly
[Package Manager] Server::EnsureServerProcessIsRunning -- launch failed, reason: Unity was launched with the -noUpm command-line argument
[Package Manager] UpmClient::Send -- Unable to send message (not connected to UPM process).
[Package Manager] Cannot connect to Unity Package Manager local server
[Package Manager] Server::EnsureServerProcessIsRunning -- launch failed, reason: Unity was launched with the -noUpm command-line argument
[Package Manager] UpmClient::Send -- Unable to send message (not connected to UPM process).
[Package Manager] Cannot connect to Unity Package Manager local server
- Finished resetting the current domain, in  1.386 seconds
Domain Reload Profiling: 2206ms
	BeginReloadAssembly (174ms)
		ExecutionOrderSort (0ms)
		DisableScriptedObjects (5ms)
		BackupInstance (0ms)
		ReleaseScriptingObjects (0ms)
		CreateAndSetChildDomain (32ms)
	RebuildCommonClasses (35ms)
	RebuildNativeTypeToScriptingClass (11ms)
	initialDomainReloadingComplete (46ms)
	LoadAllAssembliesAndSetupDomain (552ms)
		LoadAssemblies (377ms)
		RebuildTransferFunctionScriptingTraits (0ms)
		AnalyzeDomain (273ms)
			TypeCache.Refresh (228ms)
				TypeCache.ScanAssembly (194ms)
			ScanForSourceGeneratedMonoScriptInfo (33ms)
			ResolveRequiredComponents (10ms)
	FinalizeReload (1388ms)
		ReleaseScriptCaches (0ms)
		RebuildScriptCaches (0ms)
		SetupLoadedEditorAssemblies (972ms)
			LogAssemblyErrors (0ms)
			InitializePlatformSupportModulesInManaged (44ms)
			SetLoadedEditorAssemblies (7ms)
			RefreshPlugins (0ms)
			BeforeProcessingInitializeOnLoad (110ms)
			ProcessInitializeOnLoadAttributes (751ms)
			ProcessInitializeOnLoadMethodAttributes (51ms)
			AfterProcessingInitializeOnLoad (9ms)
			EditorAssembliesLoaded (1ms)
		ExecutionOrderSort2 (0ms)
		AwakeInstancesAfterBackupRestoration (12ms)
Launched and connected shader compiler UnityShaderCompiler.exe after 0.07 seconds
Refreshing native plugins compatible for Editor in 5.84 ms, found 3 plugins.
Preloading 0 native plugins for Editor in 0.00 ms.
Unloading 3992 Unused Serialized files (Serialized files now loaded: 0)
Unloading 78 unused Assets / (2.1 MB). Loaded Objects now: 4468.
Memory consumption went from 259.6 MB to 257.5 MB.
Total: 8.098100 ms (FindLiveObjects: 0.568100 ms CreateObjectMapping: 0.162100 ms MarkObjects: 5.711900 ms  DeleteObjects: 1.651900 ms)

AssetImportParameters requested are different than current active one (requested -> active):
  custom:container-demuxer-ogg: 62fdf1f143b41e24485cea50d1cbac27 -> 
  custom:video-codec-MediaFoundation-h265: 746d11721c4dcdbdad8f713fa42b33f4 -> 
  custom:video-decoder-ogg-theora: a1e56fd34408186e4bbccfd4996cb3dc -> 
  custom:framework-win-MediaFoundation: 216162199b28c13a410421893ffa2e32 -> 
  custom:CustomObjectIndexerAttribute: 6d391050e5a25f67b0a2c618074f2cd9 -> 
  custom:container-demuxer-webm: 4f35f7cbe854078d1ac9338744f61a02 -> 
  custom:container-muxer-webm: aa71ff27fc2769a1b78a27578f13a17b -> 
  custom:video-decoder-webm-vp8: 9c59270c3fd7afecdb556c50c9e8de78 -> 
  custom:SearchIndexIgnoredProperties: e643bd26f0fe6173181afceb89e7c659 -> 
  custom:AudioImporter_EditorPlatform: d09bf68614088b80899f8185d706f6e7 -> 
  custom:video-encoder-webm-vp8: eb34c28f22e8b96e1ab97ce403110664 -> 
  custom:audio-decoder-ogg-vorbis: bf7c407c2cedff20999df2af8eb42d56 -> 
  custom:audio-encoder-webm-vorbis: bf7c407c2cedff20999df2af8eb42d56 -> 
========================================================================
Received Import Request.
  Time since last request: 81352.585034 seconds.
  path: Assets/RPG Item Icons
  artifactKey: Guid(bc9dcb1a2159e88478193b6e4a0adcc8) Importer(815301076,1909f56bfc062723c751e8b465ee728b)
Start importing Assets/RPG Item Icons using Guid(bc9dcb1a2159e88478193b6e4a0adcc8) Importer(815301076,1909f56bfc062723c751e8b465ee728b)  -> (artifact id: 'deffb360f6c8bfe1ecad17811d3be15b') in 0.003400 seconds
Number of updated asset objects reloaded before import = 0
Number of asset objects unloaded after import = 0
========================================================================
Received Import Request.
  Time since last request: 0.043850 seconds.
  path: Assets/RPG Item Icons/Food_Beverages.png
  artifactKey: Guid(43eb2bfb5cbe5ff439e8148da46ea36b) Importer(815301076,1909f56bfc062723c751e8b465ee728b)
Start importing Assets/RPG Item Icons/Food_Beverages.png using Guid(43eb2bfb5cbe5ff439e8148da46ea36b) Importer(815301076,1909f56bfc062723c751e8b465ee728b)  -> (artifact id: '8463ebe9e0bd597c8569e6cd5559ac8d') in 0.142629 seconds
Number of updated asset objects reloaded before import = 0
Number of asset objects unloaded after import = 3
========================================================================
Received Import Request.
  Time since last request: 0.000050 seconds.
  path: Assets/RPG Item Icons/Weapon_Armor.png
  artifactKey: Guid(e67051dce2141b448a47e3eb495f7971) Importer(815301076,1909f56bfc062723c751e8b465ee728b)
Start importing Assets/RPG Item Icons/Weapon_Armor.png using Guid(e67051dce2141b448a47e3eb495f7971) Importer(815301076,1909f56bfc062723c751e8b465ee728b)  -> (artifact id: '135ab34c732c3779b6a8efc673a8df2e') in 0.043433 seconds
Number of updated asset objects reloaded before import = 0
Number of asset objects unloaded after import = 3
========================================================================
Received Import Request.
  Time since last request: 6.365947 seconds.
  path: Assets/RPG Item Icons/Beverages
  artifactKey: Guid(4ce40375eaae91246bed807b1725369f) Importer(815301076,1909f56bfc062723c751e8b465ee728b)
Start importing Assets/RPG Item Icons/Beverages using Guid(4ce40375eaae91246bed807b1725369f) Importer(815301076,1909f56bfc062723c751e8b465ee728b)  -> (artifact id: '275a9c1929d5df319aa1c90326b82844') in 0.000629 seconds
Number of updated asset objects reloaded before import = 0
Number of asset objects unloaded after import = 0
========================================================================
Received Import Request.
  Time since last request: 0.072788 seconds.
  path: Assets/RPG Item Icons/Beverages/Wine_and_Meat.png
  artifactKey: Guid(8a048c64900ed364793f8793d5f2d488) Importer(815301076,1909f56bfc062723c751e8b465ee728b)
Start importing Assets/RPG Item Icons/Beverages/Wine_and_Meat.png using Guid(8a048c64900ed364793f8793d5f2d488) Importer(815301076,1909f56bfc062723c751e8b465ee728b)  -> (artifact id: '115f781fe02dcdaf694bb4e91811ee7d') in 0.040273 seconds
Number of updated asset objects reloaded before import = 0
Number of asset objects unloaded after import = 3
========================================================================
Received Import Request.
  Time since last request: 0.000040 seconds.
  path: Assets/RPG Item Icons/Beverages/Wine_Bottle.png
  artifactKey: Guid(ead321638c94d4f4d86e9aa96ea94d14) Importer(815301076,1909f56bfc062723c751e8b465ee728b)
Start importing Assets/RPG Item Icons/Beverages/Wine_Bottle.png using Guid(ead321638c94d4f4d86e9aa96ea94d14) Importer(815301076,1909f56bfc062723c751e8b465ee728b)  -> (artifact id: 'dc44c9a30b2d836f487e43825eb05537') in 0.034215 seconds
Number of updated asset objects reloaded before import = 0
Number of asset objects unloaded after import = 3
========================================================================
Received Import Request.
  Time since last request: 2.184783 seconds.
  path: Assets/RPG Item Icons/Ingredients
  artifactKey: Guid(3cd15cd143a8e144a8cd43adf3c5edae) Importer(815301076,1909f56bfc062723c751e8b465ee728b)
Start importing Assets/RPG Item Icons/Ingredients using Guid(3cd15cd143a8e144a8cd43adf3c5edae) Importer(815301076,1909f56bfc062723c751e8b465ee728b)  -> (artifact id: '8ae537b9893d993990176ad397bf8f67') in 0.000671 seconds
Number of updated asset objects reloaded before import = 0
Number of asset objects unloaded after import = 0
========================================================================
Received Import Request.
  Time since last request: 0.059180 seconds.
  path: Assets/RPG Item Icons/Ingredients/Egg_Basket.png
  artifactKey: Guid(9f7d32856ab13ad4f8362a2890226bcc) Importer(815301076,1909f56bfc062723c751e8b465ee728b)
Start importing Assets/RPG Item Icons/Ingredients/Egg_Basket.png using Guid(9f7d32856ab13ad4f8362a2890226bcc) Importer(815301076,1909f56bfc062723c751e8b465ee728b)  -> (artifact id: '6c017c27d6abf11fac566a498653e9a6') in 0.036732 seconds
Number of updated asset objects reloaded before import = 0
Number of asset objects unloaded after import = 3
========================================================================
Received Import Request.
  Time since last request: 0.000056 seconds.
  path: Assets/RPG Item Icons/Ingredients/Mushroom_3.png
  artifactKey: Guid(267262da8ceb9da4486f1b39df472a7a) Importer(815301076,1909f56bfc062723c751e8b465ee728b)
Start importing Assets/RPG Item Icons/Ingredients/Mushroom_3.png using Guid(267262da8ceb9da4486f1b39df472a7a) Importer(815301076,1909f56bfc062723c751e8b465ee728b)  -> (artifact id: '3f8ec68a8e2c45d205c84e6bb97cc1e8') in 0.041471 seconds
Number of updated asset objects reloaded before import = 0
Number of asset objects unloaded after import = 3
========================================================================
Received Import Request.
  Time since last request: 1.501939 seconds.
  path: Assets/RPG Item Icons/Misc
  artifactKey: Guid(fc678e43a64d27249a60392b7eb2fa77) Importer(815301076,1909f56bfc062723c751e8b465ee728b)
Start importing Assets/RPG Item Icons/Misc using Guid(fc678e43a64d27249a60392b7eb2fa77) Importer(815301076,1909f56bfc062723c751e8b465ee728b)  -> (artifact id: '337b87f163c4d1e62e1c972c20a7f554') in 0.000728 seconds
Number of updated asset objects reloaded before import = 0
Number of asset objects unloaded after import = 0
========================================================================
Received Import Request.
  Time since last request: 0.049305 seconds.
  path: Assets/RPG Item Icons/Misc/Talisman_1.png
  artifactKey: Guid(0dc929ba2b225f347a3a7c2783b9c4f4) Importer(815301076,1909f56bfc062723c751e8b465ee728b)
Start importing Assets/RPG Item Icons/Misc/Talisman_1.png using Guid(0dc929ba2b225f347a3a7c2783b9c4f4) Importer(815301076,1909f56bfc062723c751e8b465ee728b)  -> (artifact id: 'a55bdddd4c6e30fb605b09a3f571c513') in 0.034817 seconds
Number of updated asset objects reloaded before import = 0
Number of asset objects unloaded after import = 3
========================================================================
Received Import Request.
  Time since last request: 2.268992 seconds.
  path: Assets/RPG Item Icons/Ressources
  artifactKey: Guid(38a8bdd24da2e7b43924f63ad218e889) Importer(815301076,1909f56bfc062723c751e8b465ee728b)
Start importing Assets/RPG Item Icons/Ressources using Guid(38a8bdd24da2e7b43924f63ad218e889) Importer(815301076,1909f56bfc062723c751e8b465ee728b)  -> (artifact id: '95dea4643a9d639b790aeca1a2178bbd') in 0.000593 seconds
Number of updated asset objects reloaded before import = 0
Number of asset objects unloaded after import = 0
========================================================================
Received Import Request.
  Time since last request: 0.070783 seconds.
  path: Assets/RPG Item Icons/Ressources/Feathers.png
  artifactKey: Guid(980e145e7d6867f4eaaa70e90d0e928d) Importer(815301076,1909f56bfc062723c751e8b465ee728b)
Start importing Assets/RPG Item Icons/Ressources/Feathers.png using Guid(980e145e7d6867f4eaaa70e90d0e928d) Importer(815301076,1909f56bfc062723c751e8b465ee728b)  -> (artifact id: 'a5c6feeb3ba0ad7a8321bc4ea2561d0d') in 0.037554 seconds
Number of updated asset objects reloaded before import = 0
Number of asset objects unloaded after import = 3
========================================================================
Received Import Request.
  Time since last request: 0.000077 seconds.
  path: Assets/RPG Item Icons/Ressources/Wood_Pile_1.png
  artifactKey: Guid(a382b2f39d423db488e7f2c718625b0e) Importer(815301076,1909f56bfc062723c751e8b465ee728b)
Start importing Assets/RPG Item Icons/Ressources/Wood_Pile_1.png using Guid(a382b2f39d423db488e7f2c718625b0e) Importer(815301076,1909f56bfc062723c751e8b465ee728b)  -> (artifact id: '2dbe7b8d579addc3034409c31b808ada') in 0.042512 seconds
Number of updated asset objects reloaded before import = 0
Number of asset objects unloaded after import = 3
========================================================================
Received Import Request.
  Time since last request: 7.491307 seconds.
  path: Assets/RPG Item Icons/Tools/BlackSmith_Cooling_Barrel.png
  artifactKey: Guid(2886f0f13da0f8f469bfb676e63460a1) Importer(815301076,1909f56bfc062723c751e8b465ee728b)
Start importing Assets/RPG Item Icons/Tools/BlackSmith_Cooling_Barrel.png using Guid(2886f0f13da0f8f469bfb676e63460a1) Importer(815301076,1909f56bfc062723c751e8b465ee728b)  -> (artifact id: '04e0e8cc35a3be691459f61926260fdb') in 0.043375 seconds
Number of updated asset objects reloaded before import = 0
Number of asset objects unloaded after import = 3
========================================================================
Received Import Request.
  Time since last request: 0.000030 seconds.
  path: Assets/RPG Item Icons/Tools/Empty_Water_Jar.png
  artifactKey: Guid(6b2475309564c7c48809f78f2e328144) Importer(815301076,1909f56bfc062723c751e8b465ee728b)
Start importing Assets/RPG Item Icons/Tools/Empty_Water_Jar.png using Guid(6b2475309564c7c48809f78f2e328144) Importer(815301076,1909f56bfc062723c751e8b465ee728b)  -> (artifact id: 'f9ee28e522a4706e9fd777c5d387860d') in 0.044930 seconds
Number of updated asset objects reloaded before import = 0
Number of asset objects unloaded after import = 3
========================================================================
Received Import Request.
  Time since last request: 0.000025 seconds.
  path: Assets/RPG Item Icons/Tools/Wooden_Fork.png
  artifactKey: Guid(307a4ac8341107e4ca3c48eef4f40f70) Importer(815301076,1909f56bfc062723c751e8b465ee728b)
Start importing Assets/RPG Item Icons/Tools/Wooden_Fork.png using Guid(307a4ac8341107e4ca3c48eef4f40f70) Importer(815301076,1909f56bfc062723c751e8b465ee728b)  -> (artifact id: 'acd6cd968a823ccf04550019711034c8') in 0.036314 seconds
Number of updated asset objects reloaded before import = 0
Number of asset objects unloaded after import = 3
========================================================================
Received Import Request.
  Time since last request: 3.384213 seconds.
  path: Assets/RPG Item Icons/Weapons/Pike_1.png
  artifactKey: Guid(c8477deb286d8cb4fb05dfae9a9a68eb) Importer(815301076,1909f56bfc062723c751e8b465ee728b)
Start importing Assets/RPG Item Icons/Weapons/Pike_1.png using Guid(c8477deb286d8cb4fb05dfae9a9a68eb) Importer(815301076,1909f56bfc062723c751e8b465ee728b)  -> (artifact id: '0ebe843240f100fafdba4cd6fb9d1e21') in 0.036729 seconds
Number of updated asset objects reloaded before import = 0
Number of asset objects unloaded after import = 3
========================================================================
Received Import Request.
  Time since last request: 0.000043 seconds.
  path: Assets/RPG Item Icons/Weapons/Shield_2.png
  artifactKey: Guid(53915d7eb16b58548a93bc639f2fec76) Importer(815301076,1909f56bfc062723c751e8b465ee728b)
Start importing Assets/RPG Item Icons/Weapons/Shield_2.png using Guid(53915d7eb16b58548a93bc639f2fec76) Importer(815301076,1909f56bfc062723c751e8b465ee728b)  -> (artifact id: 'c0e041ea96c01a53635cc53cd564da51') in 0.040218 seconds
Number of updated asset objects reloaded before import = 0
Number of asset objects unloaded after import = 3
========================================================================
Received Import Request.
  Time since last request: 1.892333 seconds.
  path: Assets/RPG Item Icons/Armor/Helmet_2.png
  artifactKey: Guid(8626b3213071afa439ed1e4a73f62276) Importer(815301076,1909f56bfc062723c751e8b465ee728b)
Start importing Assets/RPG Item Icons/Armor/Helmet_2.png using Guid(8626b3213071afa439ed1e4a73f62276) Importer(815301076,1909f56bfc062723c751e8b465ee728b)  -> (artifact id: '81be744b5a2ca1d9ee35617344e2436a') in 0.031346 seconds
Number of updated asset objects reloaded before import = 0
Number of asset objects unloaded after import = 3
========================================================================
Received Import Request.
  Time since last request: 276.451025 seconds.
  path: Assets/RGP icons free start pack/items/bone_skull.png
  artifactKey: Guid(1c728f7cc6548f24cadceb6478fa25cc) Importer(815301076,1909f56bfc062723c751e8b465ee728b)
Start importing Assets/RGP icons free start pack/items/bone_skull.png using Guid(1c728f7cc6548f24cadceb6478fa25cc) Importer(815301076,1909f56bfc062723c751e8b465ee728b)  -> (artifact id: '60408cfe489c7ca37f68844a76756fa7') in 0.034358 seconds
Number of updated asset objects reloaded before import = 0
Number of asset objects unloaded after import = 3
========================================================================
Received Import Request.
  Time since last request: 0.000046 seconds.
  path: Assets/RGP icons free start pack/items/gold_bars_three.png
  artifactKey: Guid(a0c46bd0ce09e0d479ad2962809f906f) Importer(815301076,1909f56bfc062723c751e8b465ee728b)
Start importing Assets/RGP icons free start pack/items/gold_bars_three.png using Guid(a0c46bd0ce09e0d479ad2962809f906f) Importer(815301076,1909f56bfc062723c751e8b465ee728b)  -> (artifact id: '26e3203de9ebaa33951d3ec8b3749c2a') in 0.048145 seconds
Number of updated asset objects reloaded before import = 0
Number of asset objects unloaded after import = 3
========================================================================
Received Import Request.
  Time since last request: 0.000067 seconds.
  path: Assets/RGP icons free start pack/items/sword_basic4_blue.png
  artifactKey: Guid(a332f9cc2040f6042a04c65fa9e4a000) Importer(815301076,1909f56bfc062723c751e8b465ee728b)
Start importing Assets/RGP icons free start pack/items/sword_basic4_blue.png using Guid(a332f9cc2040f6042a04c65fa9e4a000) Importer(815301076,1909f56bfc062723c751e8b465ee728b)  -> (artifact id: '934306aeb9dc46bc188ca83b70a49fd3') in 0.058241 seconds
Number of updated asset objects reloaded before import = 0
Number of asset objects unloaded after import = 3
========================================================================
Received Import Request.
  Time since last request: 0.000046 seconds.
  path: Assets/RGP icons free start pack/items/necklace_silver_red.png
  artifactKey: Guid(8e859c149e0cd814ea9acc8581953bd6) Importer(815301076,1909f56bfc062723c751e8b465ee728b)
Start importing Assets/RGP icons free start pack/items/necklace_silver_red.png using Guid(8e859c149e0cd814ea9acc8581953bd6) Importer(815301076,1909f56bfc062723c751e8b465ee728b)  -> (artifact id: '4845c8744ffa492a3698ef681a8a5201') in 0.044710 seconds
Number of updated asset objects reloaded before import = 0
Number of asset objects unloaded after import = 3
========================================================================
Received Import Request.
  Time since last request: 0.000047 seconds.
  path: Assets/RGP icons free start pack/items/scroll_map2.png
  artifactKey: Guid(0a4e4ed28cc111a418bd671fe19adab0) Importer(815301076,1909f56bfc062723c751e8b465ee728b)
Start importing Assets/RGP icons free start pack/items/scroll_map2.png using Guid(0a4e4ed28cc111a418bd671fe19adab0) Importer(815301076,1909f56bfc062723c751e8b465ee728b)  -> (artifact id: '81d488f53a7521390d2ab328a35a0530') in 0.049197 seconds
Number of updated asset objects reloaded before import = 0
Number of asset objects unloaded after import = 3
========================================================================
Received Import Request.
  Time since last request: 0.000058 seconds.
  path: Assets/RGP icons free start pack/items/crown_gold.png
  artifactKey: Guid(409f9bc68f7fc3646b5386b3fb9e2a3a) Importer(815301076,1909f56bfc062723c751e8b465ee728b)
Start importing Assets/RGP icons free start pack/items/crown_gold.png using Guid(409f9bc68f7fc3646b5386b3fb9e2a3a) Importer(815301076,1909f56bfc062723c751e8b465ee728b)  -> (artifact id: '13f9b886c1dfa7e443a6f927a60420df') in 0.056959 seconds
Number of updated asset objects reloaded before import = 0
Number of asset objects unloaded after import = 3
========================================================================
Received Import Request.
  Time since last request: 0.000033 seconds.
  path: Assets/RGP icons free start pack/items/wood_log.png
  artifactKey: Guid(65c59ccc59b5690458cb9e5324edc5dc) Importer(815301076,1909f56bfc062723c751e8b465ee728b)
Start importing Assets/RGP icons free start pack/items/wood_log.png using Guid(65c59ccc59b5690458cb9e5324edc5dc) Importer(815301076,1909f56bfc062723c751e8b465ee728b)  -> (artifact id: '6f18914982c41d334bd51e41fbfdeedb') in 0.046713 seconds
Number of updated asset objects reloaded before import = 0
Number of asset objects unloaded after import = 3
========================================================================
Received Import Request.
  Time since last request: 0.000037 seconds.
  path: Assets/RGP icons free start pack/items/shield_basic_metal.png
  artifactKey: Guid(f270ae2815e437842921f264c20b5271) Importer(815301076,1909f56bfc062723c751e8b465ee728b)
Start importing Assets/RGP icons free start pack/items/shield_basic_metal.png using Guid(f270ae2815e437842921f264c20b5271) Importer(815301076,1909f56bfc062723c751e8b465ee728b)  -> (artifact id: 'dc3fb1a7aae5573b47c1ee6c16e74a46') in 0.046042 seconds
Number of updated asset objects reloaded before import = 0
Number of asset objects unloaded after import = 3
========================================================================
Received Import Request.
  Time since last request: 0.000058 seconds.
  path: Assets/RGP icons free start pack/items/ring_gold_magic.png
  artifactKey: Guid(a7fa02c269abaed47bd3a49986381846) Importer(815301076,1909f56bfc062723c751e8b465ee728b)
Start importing Assets/RGP icons free start pack/items/ring_gold_magic.png using Guid(a7fa02c269abaed47bd3a49986381846) Importer(815301076,1909f56bfc062723c751e8b465ee728b)  -> (artifact id: 'd8030e6224af8da4fe545e29bd1c2918') in 0.052916 seconds
Number of updated asset objects reloaded before import = 0
Number of asset objects unloaded after import = 3
========================================================================
Received Import Request.
  Time since last request: 0.000044 seconds.
  path: Assets/RGP icons free start pack/items/wood_logs_three.png
  artifactKey: Guid(63af52b5b92b10c4594f1085a1a0ab94) Importer(815301076,1909f56bfc062723c751e8b465ee728b)
Start importing Assets/RGP icons free start pack/items/wood_logs_three.png using Guid(63af52b5b92b10c4594f1085a1a0ab94) Importer(815301076,1909f56bfc062723c751e8b465ee728b)  -> (artifact id: 'fc5e64df4e899193d1b13e3bc9020a8f') in 0.048547 seconds
Number of updated asset objects reloaded before import = 0
Number of asset objects unloaded after import = 3
========================================================================
Received Import Request.
  Time since last request: 0.000034 seconds.
  path: Assets/RGP icons free start pack/items/gold_coins_many.png
  artifactKey: Guid(93b5b28db06f8d2439c780ec3aeb28d2) Importer(815301076,1909f56bfc062723c751e8b465ee728b)
Start importing Assets/RGP icons free start pack/items/gold_coins_many.png using Guid(93b5b28db06f8d2439c780ec3aeb28d2) Importer(815301076,1909f56bfc062723c751e8b465ee728b)  -> (artifact id: 'a5897c352e01619bbcab3116689ec85a') in 0.045600 seconds
Number of updated asset objects reloaded before import = 0
Number of asset objects unloaded after import = 3
========================================================================
Received Import Request.
  Time since last request: 0.000046 seconds.
  path: Assets/RGP icons free start pack/items/pouch_leather_small.png
  artifactKey: Guid(098c04e31cd452146be0441cc6f3ae86) Importer(815301076,1909f56bfc062723c751e8b465ee728b)
Start importing Assets/RGP icons free start pack/items/pouch_leather_small.png using Guid(098c04e31cd452146be0441cc6f3ae86) Importer(815301076,1909f56bfc062723c751e8b465ee728b)  -> (artifact id: '200ef2ebe95ac665770112876ac5b792') in 0.034840 seconds
Number of updated asset objects reloaded before import = 0
Number of asset objects unloaded after import = 3
========================================================================
Received Import Request.
  Time since last request: 0.000036 seconds.
  path: Assets/RGP icons free start pack/items/bottle_standard_green.png
  artifactKey: Guid(0edcb30428af9c34b9114c75ee984bf2) Importer(815301076,1909f56bfc062723c751e8b465ee728b)
Start importing Assets/RGP icons free start pack/items/bottle_standard_green.png using Guid(0edcb30428af9c34b9114c75ee984bf2) Importer(815301076,1909f56bfc062723c751e8b465ee728b)  -> (artifact id: 'be0ac1e697ba6fb190aa255a47cc6713') in 0.031309 seconds
Number of updated asset objects reloaded before import = 0
Number of asset objects unloaded after import = 3
========================================================================
Received Import Request.
  Time since last request: 0.000043 seconds.
  path: Assets/RGP icons free start pack/items/fish_green.png
  artifactKey: Guid(b416145d20baa364598d07e1740ae2fb) Importer(815301076,1909f56bfc062723c751e8b465ee728b)
Start importing Assets/RGP icons free start pack/items/fish_green.png using Guid(b416145d20baa364598d07e1740ae2fb) Importer(815301076,1909f56bfc062723c751e8b465ee728b)  -> (artifact id: 'f7f2e039cd582fc582d86c7a40bebfd5') in 0.036737 seconds
Number of updated asset objects reloaded before import = 0
Number of asset objects unloaded after import = 3
========================================================================
Received Import Request.
  Time since last request: 0.000053 seconds.
  path: Assets/RGP icons free start pack/items/cape_hood_darkyellow.png
  artifactKey: Guid(9d7e931295e92b8419dde467e5f709b8) Importer(815301076,1909f56bfc062723c751e8b465ee728b)
Start importing Assets/RGP icons free start pack/items/cape_hood_darkyellow.png using Guid(9d7e931295e92b8419dde467e5f709b8) Importer(815301076,1909f56bfc062723c751e8b465ee728b)  -> (artifact id: '5de17eaf648f1201d0cd5c389c2941c9') in 0.042312 seconds
Number of updated asset objects reloaded before import = 0
Number of asset objects unloaded after import = 3
Editor requested this worker to shutdown with reason: Scaling down because of idle timeout
TcpMessagingSession - receive error: operation aborted. errorcode: 995, details: The I/O operation has been aborted because of either a thread exit or an application request.
AssetImportWorker is now disconnected from the server
Process exiting
Exiting without the bug reporter. Application will terminate with return code 0